  OpenCVConsoleApp.cpp
OpenCVConsoleApp.cpp(62): warning C4267: 'initializing': conversion from 'size_t' to 'int', possible loss of data
OpenCVConsoleApp.cpp(43): warning C4996: 'mbstowcs': This function or variable may be unsafe. Consider using mbstowcs_s instead. To disable deprecation, use _CRT_SECURE_NO_WARNINGS. See online help for details.
  C:\Program Files (x86)\Windows Kits\10\Include\10.0.10240.0\ucrt\stdlib.h(920): note: see declaration of 'mbstowcs'
OpenCVConsoleApp.cpp(58): warning C4996: 'wcstombs': This function or variable may be unsafe. Consider using wcstombs_s instead. To disable deprecation, use _CRT_SECURE_NO_WARNINGS. See online help for details.
  C:\Program Files (x86)\Windows Kits\10\Include\10.0.10240.0\ucrt\stdlib.h(1008): note: see declaration of 'wcstombs'
OpenCVConsoleApp.cpp(116): warning C4996: 'mbstowcs': This function or variable may be unsafe. Consider using mbstowcs_s instead. To disable deprecation, use _CRT_SECURE_NO_WARNINGS. See online help for details.
  C:\Program Files (x86)\Windows Kits\10\Include\10.0.10240.0\ucrt\stdlib.h(920): note: see declaration of 'mbstowcs'
OpenCVConsoleApp.cpp(184): warning C4996: 'wcstombs': This function or variable may be unsafe. Consider using wcstombs_s instead. To disable deprecation, use _CRT_SECURE_NO_WARNINGS. See online help for details.
  C:\Program Files (x86)\Windows Kits\10\Include\10.0.10240.0\ucrt\stdlib.h(1008): note: see declaration of 'wcstombs'
OpenCVConsoleApp.cpp(300): warning C4267: 'initializing': conversion from 'size_t' to 'int', possible loss of data
OpenCVConsoleApp.cpp(281): warning C4996: 'mbstowcs': This function or variable may be unsafe. Consider using mbstowcs_s instead. To disable deprecation, use _CRT_SECURE_NO_WARNINGS. See online help for details.
  C:\Program Files (x86)\Windows Kits\10\Include\10.0.10240.0\ucrt\stdlib.h(920): note: see declaration of 'mbstowcs'
OpenCVConsoleApp.cpp(296): warning C4996: 'wcstombs': This function or variable may be unsafe. Consider using wcstombs_s instead. To disable deprecation, use _CRT_SECURE_NO_WARNINGS. See online help for details.
  C:\Program Files (x86)\Windows Kits\10\Include\10.0.10240.0\ucrt\stdlib.h(1008): note: see declaration of 'wcstombs'
OpenCVConsoleApp.cpp(391): warning C4267: 'initializing': conversion from 'size_t' to 'int', possible loss of data
OpenCVConsoleApp.cpp(355): warning C4996: 'mbstowcs': This function or variable may be unsafe. Consider using mbstowcs_s instead. To disable deprecation, use _CRT_SECURE_NO_WARNINGS. See online help for details.
  C:\Program Files (x86)\Windows Kits\10\Include\10.0.10240.0\ucrt\stdlib.h(920): note: see declaration of 'mbstowcs'
OpenCVConsoleApp.cpp(387): warning C4996: 'wcstombs': This function or variable may be unsafe. Consider using wcstombs_s instead. To disable deprecation, use _CRT_SECURE_NO_WARNINGS. See online help for details.
  C:\Program Files (x86)\Windows Kits\10\Include\10.0.10240.0\ucrt\stdlib.h(1008): note: see declaration of 'wcstombs'
  Generating code
  18 of 699 functions ( 2.6%) were compiled, the rest were copied from previous compilation.
    0 functions were new in current compilation
    4 functions had inline decision re-evaluated but remain unchanged
  Finished generating code
  OpenCVConsoleApp.vcxproj -> D:\svnstuff\OpenCVConsoleApp\x64\Release\OpenCVConsoleApp.exe
  OpenCVConsoleApp.vcxproj -> D:\svnstuff\OpenCVConsoleApp\x64\Release\OpenCVConsoleApp.pdb (Full PDB)
