d:\codrivertools\opencvconsoleapp\opencvconsoleapp\x64\debug\vc140.pdb
d:\codrivertools\opencvconsoleapp\opencvconsoleapp\x64\debug\vc140.idb
d:\codrivertools\opencvconsoleapp\opencvconsoleapp\x64\debug\opencvconsoleapp.pch
d:\codrivertools\opencvconsoleapp\opencvconsoleapp\x64\debug\stdafx.obj
d:\codrivertools\opencvconsoleapp\opencvconsoleapp\x64\debug\fisheyemodel.obj
d:\codrivertools\opencvconsoleapp\opencvconsoleapp\x64\debug\opencvconsoleapp.obj
d:\codrivertools\opencvconsoleapp\opencvconsoleapp\x64\debug\gpmf_parser.obj
d:\codrivertools\opencvconsoleapp\opencvconsoleapp\x64\debug\gpmf_mp4reader.obj
d:\codrivertools\opencvconsoleapp\opencvconsoleapp\x64\debug\gpmfinterface.obj
d:\svnstuff\opencvconsoleapp\opencvconsoleapp\x64\debug\opencvconsoleapp.pch
d:\svnstuff\opencvconsoleapp\opencvconsoleapp\x64\debug\vc140.pdb
d:\svnstuff\opencvconsoleapp\opencvconsoleapp\x64\debug\vc140.idb
d:\svnstuff\opencvconsoleapp\opencvconsoleapp\x64\debug\stdafx.obj
d:\svnstuff\opencvconsoleapp\opencvconsoleapp\x64\debug\cubemap.obj
d:\svnstuff\opencvconsoleapp\opencvconsoleapp\x64\debug\fisheyemodel.obj
d:\svnstuff\opencvconsoleapp\opencvconsoleapp\x64\debug\gpmfinterface.obj
d:\svnstuff\opencvconsoleapp\opencvconsoleapp\x64\debug\gpmf_mp4reader.obj
d:\svnstuff\opencvconsoleapp\opencvconsoleapp\x64\debug\gpmf_parser.obj
d:\svnstuff\opencvconsoleapp\opencvconsoleapp\x64\debug\opencvconsoleapp.obj
d:\codrivertools\opencvconsoleapp\x64\debug\opencvconsoleapp.ilk
d:\codrivertools\opencvconsoleapp\x64\debug\opencvconsoleapp.exe
d:\codrivertools\opencvconsoleapp\x64\debug\opencvconsoleapp.pdb
d:\svnstuff\opencvconsoleapp\x64\debug\opencvconsoleapp.ilk
d:\svnstuff\opencvconsoleapp\x64\debug\opencvconsoleapp.exe
d:\svnstuff\opencvconsoleapp\x64\debug\opencvconsoleapp.pdb
d:\svnstuff\opencvconsoleapp\opencvconsoleapp\x64\debug\fisheyemodel.obj.enc
d:\svnstuff\opencvconsoleapp\opencvconsoleapp\x64\debug\gpmfinterface.obj.enc
d:\svnstuff\opencvconsoleapp\opencvconsoleapp\x64\debug\opencvconsoleapp.obj.enc
d:\svnstuff\opencvconsoleapp\opencvconsoleapp\x64\debug\opencvconsoleapp.tlog\cl.command.1.tlog
d:\svnstuff\opencvconsoleapp\opencvconsoleapp\x64\debug\opencvconsoleapp.tlog\cl.read.1.tlog
d:\svnstuff\opencvconsoleapp\opencvconsoleapp\x64\debug\opencvconsoleapp.tlog\cl.write.1.tlog
d:\svnstuff\opencvconsoleapp\opencvconsoleapp\x64\debug\opencvconsoleapp.tlog\link.command.1.tlog
d:\svnstuff\opencvconsoleapp\opencvconsoleapp\x64\debug\opencvconsoleapp.tlog\link.read.1.tlog
d:\svnstuff\opencvconsoleapp\opencvconsoleapp\x64\debug\opencvconsoleapp.tlog\link.write.1.tlog
