  OpenCVConsoleApp.cpp
d:\svnstuff\opencvconsoleapp\opencvconsoleapp\opencvconsoleapp.cpp(3): warning C4603: '_USE_MATH_DEFINES': macro is not defined or definition is different after precompiled header use
  d:\svnstuff\opencvconsoleapp\opencvconsoleapp\opencvconsoleapp.cpp(3): note: Add macro to precompiled header instead of defining here
  d:\svnstuff\opencvconsoleapp\opencvconsoleapp\opencvconsoleapp.cpp(4): note: use of precompiled header
d:\svnstuff\opencvconsoleapp\opencvconsoleapp\opencvconsoleapp.cpp(51): warning C4267: 'initializing': conversion from 'size_t' to 'int', possible loss of data
d:\svnstuff\opencvconsoleapp\opencvconsoleapp\opencvconsoleapp.cpp(32): warning C4996: 'mbstowcs': This function or variable may be unsafe. Consider using mbstowcs_s instead. To disable deprecation, use _CRT_SECURE_NO_WARNINGS. See online help for details.
  c:\program files (x86)\windows kits\10\include\10.0.10240.0\ucrt\stdlib.h(920): note: see declaration of 'mbstowcs'
d:\svnstuff\opencvconsoleapp\opencvconsoleapp\opencvconsoleapp.cpp(47): warning C4996: 'wcstombs': This function or variable may be unsafe. Consider using wcstombs_s instead. To disable deprecation, use _CRT_SECURE_NO_WARNINGS. See online help for details.
  c:\program files (x86)\windows kits\10\include\10.0.10240.0\ucrt\stdlib.h(1008): note: see declaration of 'wcstombs'
d:\svnstuff\opencvconsoleapp\opencvconsoleapp\opencvconsoleapp.cpp(116): warning C4267: 'initializing': conversion from 'size_t' to 'int', possible loss of data
d:\svnstuff\opencvconsoleapp\opencvconsoleapp\opencvconsoleapp.cpp(97): warning C4996: 'mbstowcs': This function or variable may be unsafe. Consider using mbstowcs_s instead. To disable deprecation, use _CRT_SECURE_NO_WARNINGS. See online help for details.
  c:\program files (x86)\windows kits\10\include\10.0.10240.0\ucrt\stdlib.h(920): note: see declaration of 'mbstowcs'
d:\svnstuff\opencvconsoleapp\opencvconsoleapp\opencvconsoleapp.cpp(112): warning C4996: 'wcstombs': This function or variable may be unsafe. Consider using wcstombs_s instead. To disable deprecation, use _CRT_SECURE_NO_WARNINGS. See online help for details.
  c:\program files (x86)\windows kits\10\include\10.0.10240.0\ucrt\stdlib.h(1008): note: see declaration of 'wcstombs'
d:\svnstuff\opencvconsoleapp\opencvconsoleapp\opencvconsoleapp.cpp(204): warning C4267: 'initializing': conversion from 'size_t' to 'int', possible loss of data
d:\svnstuff\opencvconsoleapp\opencvconsoleapp\opencvconsoleapp.cpp(168): warning C4996: 'mbstowcs': This function or variable may be unsafe. Consider using mbstowcs_s instead. To disable deprecation, use _CRT_SECURE_NO_WARNINGS. See online help for details.
  c:\program files (x86)\windows kits\10\include\10.0.10240.0\ucrt\stdlib.h(920): note: see declaration of 'mbstowcs'
d:\svnstuff\opencvconsoleapp\opencvconsoleapp\opencvconsoleapp.cpp(200): warning C4996: 'wcstombs': This function or variable may be unsafe. Consider using wcstombs_s instead. To disable deprecation, use _CRT_SECURE_NO_WARNINGS. See online help for details.
  c:\program files (x86)\windows kits\10\include\10.0.10240.0\ucrt\stdlib.h(1008): note: see declaration of 'wcstombs'
d:\svnstuff\opencvconsoleapp\opencvconsoleapp\opencvconsoleapp.cpp(282): warning C4244: 'argument': conversion from 'double' to 'const int', possible loss of data
d:\svnstuff\opencvconsoleapp\opencvconsoleapp\opencvconsoleapp.cpp(287): warning C4244: 'argument': conversion from 'double' to 'const int', possible loss of data
d:\svnstuff\opencvconsoleapp\opencvconsoleapp\opencvconsoleapp.cpp(292): warning C4244: 'argument': conversion from 'double' to 'const int', possible loss of data
d:\svnstuff\opencvconsoleapp\opencvconsoleapp\opencvconsoleapp.cpp(297): warning C4244: 'argument': conversion from 'double' to 'const int', possible loss of data
d:\svnstuff\opencvconsoleapp\opencvconsoleapp\opencvconsoleapp.cpp(302): warning C4244: 'argument': conversion from 'double' to 'const int', possible loss of data
d:\svnstuff\opencvconsoleapp\opencvconsoleapp\opencvconsoleapp.cpp(307): warning C4244: 'argument': conversion from 'double' to 'const int', possible loss of data
  OpenCVConsoleApp.vcxproj -> D:\svnstuff\OpenCVConsoleApp\x64\Debug\OpenCVConsoleApp.exe
  OpenCVConsoleApp.vcxproj -> D:\svnstuff\OpenCVConsoleApp\x64\Debug\OpenCVConsoleApp.pdb (Full PDB)
